TpTrace Verbose: 0 : 13640, 1, 2021/10/12, 10:34:26.871, 10927699835816, vstest.console.dll, Version: 16.11.0-release-20210730-02
TpTrace Information: 0 : 13640, 1, 2021/10/12, 10:34:26.888, 10927699974304, vstest.console.dll, FilePatternParser: The given file C:\.Jakob\FHTW\3_Semester\Sofware_Engineering\monster-trading-card-game\MTCG_Tests\bin\Debug\net5.0\fine-code-coverage\build-output\MTCG_Tests.dll is a full path.
TpTrace Verbose: 0 : 13640, 1, 2021/10/12, 10:34:26.906, 10927700152911, vstest.console.dll, TestPluginCache.DiscoverTestExtensions: finding test extensions in assemblies ends with: RuntimeProvider.dll TPluginInfo: Microsoft.VisualStudio.TestPlatform.Common.ExtensionFramework.Utilities.TestRuntimePluginInformation TExtension: Microsoft.VisualStudio.TestPlatform.ObjectModel.Host.ITestRuntimeProvider
TpTrace Verbose: 0 : 13640, 1, 2021/10/12, 10:34:26.906, 10927700161323, vstest.console.dll, TestPluginCache.GetExtensionPaths: Filtered extension paths: 
TpTrace Verbose: 0 : 13640, 1, 2021/10/12, 10:34:26.907, 10927700163500, vstest.console.dll, TestPluginCache.GetExtensionPaths: Added default extension paths: C:\Program Files\dotnet\sdk\5.0.401\Extensions\Microsoft.Diagnostics.NETCore.Client.dll
C:\Program Files\dotnet\sdk\5.0.401\Extensions\Microsoft.TestPlatform.Extensions.BlameDataCollector.dll
C:\Program Files\dotnet\sdk\5.0.401\Extensions\Microsoft.TestPlatform.Extensions.EventLogCollector.dll
C:\Program Files\dotnet\sdk\5.0.401\Extensions\Microsoft.TestPlatform.TestHostRuntimeProvider.dll
C:\Program Files\dotnet\sdk\5.0.401\Extensions\Microsoft.VisualStudio.TestPlatform.Extensions.Html.TestLogger.dll
C:\Program Files\dotnet\sdk\5.0.401\Extensions\Microsoft.VisualStudio.TestPlatform.Extensions.Trx.TestLogger.dll
TpTrace Verbose: 0 : 13640, 1, 2021/10/12, 10:34:26.907, 10927700164604, vstest.console.dll, TestPluginCache.GetExtensionPaths: Added unfilterableExtensionPaths: 
TpTrace Information: 0 : 13640, 1, 2021/10/12, 10:34:26.908, 10927700176143, vstest.console.dll, AssemblyResolver.ctor: Creating AssemblyResolver with searchDirectories C:\Program Files\dotnet\sdk\5.0.401\Extensions,C:\Program Files\dotnet\sdk\5.0.401
TpTrace Verbose: 0 : 13640, 1, 2021/10/12, 10:34:26.909, 10927700187192, vstest.console.dll, TestPluginCache.DiscoverTestExtensions: Discovering the extensions using extension path.
TpTrace Verbose: 0 : 13640, 1, 2021/10/12, 10:34:26.909, 10927700189279, vstest.console.dll, TestPluginCache.GetExtensionPaths: Filtered extension paths: 
TpTrace Verbose: 0 : 13640, 1, 2021/10/12, 10:34:26.909, 10927700190104, vstest.console.dll, TestPluginCache.GetExtensionPaths: Added default extension paths: C:\Program Files\dotnet\sdk\5.0.401\Extensions\Microsoft.Diagnostics.NETCore.Client.dll
C:\Program Files\dotnet\sdk\5.0.401\Extensions\Microsoft.TestPlatform.Extensions.BlameDataCollector.dll
C:\Program Files\dotnet\sdk\5.0.401\Extensions\Microsoft.TestPlatform.Extensions.EventLogCollector.dll
C:\Program Files\dotnet\sdk\5.0.401\Extensions\Microsoft.TestPlatform.TestHostRuntimeProvider.dll
C:\Program Files\dotnet\sdk\5.0.401\Extensions\Microsoft.VisualStudio.TestPlatform.Extensions.Html.TestLogger.dll
C:\Program Files\dotnet\sdk\5.0.401\Extensions\Microsoft.VisualStudio.TestPlatform.Extensions.Trx.TestLogger.dll
TpTrace Verbose: 0 : 13640, 1, 2021/10/12, 10:34:26.909, 10927700190634, vstest.console.dll, TestPluginCache.GetExtensionPaths: Added unfilterableExtensionPaths: 
TpTrace Verbose: 0 : 13640, 1, 2021/10/12, 10:34:26.909, 10927700191693, vstest.console.dll, TestPluginCache.DiscoverTestExtensions: Discovering the extensions using allExtensionPaths: C:\Program Files\dotnet\sdk\5.0.401\Extensions\Microsoft.Diagnostics.NETCore.Client.dll
C:\Program Files\dotnet\sdk\5.0.401\Extensions\Microsoft.TestPlatform.Extensions.BlameDataCollector.dll
C:\Program Files\dotnet\sdk\5.0.401\Extensions\Microsoft.TestPlatform.Extensions.EventLogCollector.dll
C:\Program Files\dotnet\sdk\5.0.401\Extensions\Microsoft.TestPlatform.TestHostRuntimeProvider.dll
C:\Program Files\dotnet\sdk\5.0.401\Extensions\Microsoft.VisualStudio.TestPlatform.Extensions.Html.TestLogger.dll
C:\Program Files\dotnet\sdk\5.0.401\Extensions\Microsoft.VisualStudio.TestPlatform.Extensions.Trx.TestLogger.dll
TpTrace Information: 0 : 13640, 1, 2021/10/12, 10:34:26.910, 10927700194738, vstest.console.dll, AssemblyResolver.AddSearchDirectories: Adding more searchDirectories C:\Program Files\dotnet\sdk\5.0.401\Extensions,C:\Program Files\dotnet\sdk\5.0.401
TpTrace Information: 0 : 13640, 1, 2021/10/12, 10:34:26.910, 10927700195922, vstest.console.dll, AssemblyResolver.AddSearchDirectories: Adding more searchDirectories C:\Program Files\dotnet\sdk\5.0.401\Extensions,C:\Program Files\dotnet\sdk\5.0.401
TpTrace Information: 0 : 13640, 1, 2021/10/12, 10:34:26.910, 10927700196728, vstest.console.dll, AssemblyResolver.AddSearchDirectories: Adding more searchDirectories C:\Program Files\dotnet\sdk\5.0.401\Extensions,C:\Program Files\dotnet\sdk\5.0.401
TpTrace Information: 0 : 13640, 1, 2021/10/12, 10:34:26.910, 10927700197222, vstest.console.dll, AssemblyResolver.AddSearchDirectories: Adding more searchDirectories C:\Program Files\dotnet\sdk\5.0.401\Extensions,C:\Program Files\dotnet\sdk\5.0.401
TpTrace Information: 0 : 13640, 1, 2021/10/12, 10:34:26.910, 10927700197686, vstest.console.dll, AssemblyResolver.AddSearchDirectories: Adding more searchDirectories C:\Program Files\dotnet\sdk\5.0.401\Extensions,C:\Program Files\dotnet\sdk\5.0.401
TpTrace Information: 0 : 13640, 1, 2021/10/12, 10:34:26.910, 10927700198258, vstest.console.dll, AssemblyResolver.AddSearchDirectories: Adding more searchDirectories C:\Program Files\dotnet\sdk\5.0.401\Extensions,C:\Program Files\dotnet\sdk\5.0.401
TpTrace Information: 0 : 13640, 1, 2021/10/12, 10:34:26.911, 10927700204376, vstest.console.dll, AssemblyResolver.OnResolve: Microsoft.Diagnostics.NETCore.Client: Resolving assembly.
TpTrace Information: 0 : 13640, 1, 2021/10/12, 10:34:26.911, 10927700205498, vstest.console.dll, AssemblyResolver.OnResolve: Microsoft.Diagnostics.NETCore.Client: Searching in: 'C:\Program Files\dotnet\sdk\5.0.401\Extensions'.
TpTrace Information: 0 : 13640, 1, 2021/10/12, 10:34:26.913, 10927700225382, vstest.console.dll, AssemblyResolver.OnResolve: Microsoft.Diagnostics.NETCore.Client: Loading assembly 'C:\Program Files\dotnet\sdk\5.0.401\Extensions\Microsoft.Diagnostics.NETCore.Client.dll'.
TpTrace Information: 0 : 13640, 1, 2021/10/12, 10:34:26.915, 10927700245529, vstest.console.dll, AssemblyResolver.OnResolve: Resolved assembly: Microsoft.Diagnostics.NETCore.Client, from path: C:\Program Files\dotnet\sdk\5.0.401\Extensions\Microsoft.Diagnostics.NETCore.Client.dll
TpTrace Information: 0 : 13640, 1, 2021/10/12, 10:34:26.918, 10927700275241, vstest.console.dll, AssemblyResolver.OnResolve: Microsoft.Bcl.AsyncInterfaces: Resolving assembly.
TpTrace Information: 0 : 13640, 1, 2021/10/12, 10:34:26.918, 10927700276495, vstest.console.dll, AssemblyResolver.OnResolve: Microsoft.Bcl.AsyncInterfaces: Searching in: 'C:\Program Files\dotnet\sdk\5.0.401\Extensions'.
TpTrace Information: 0 : 13640, 1, 2021/10/12, 10:34:26.918, 10927700277971, vstest.console.dll, AssemblyResolver.OnResolve: Microsoft.Bcl.AsyncInterfaces: Assembly path does not exist: 'C:\Program Files\dotnet\sdk\5.0.401\Extensions\Microsoft.Bcl.AsyncInterfaces.dll', returning.
TpTrace Information: 0 : 13640, 1, 2021/10/12, 10:34:26.918, 10927700279596, vstest.console.dll, AssemblyResolver.OnResolve: Microsoft.Bcl.AsyncInterfaces: Assembly path does not exist: 'C:\Program Files\dotnet\sdk\5.0.401\Extensions\Microsoft.Bcl.AsyncInterfaces.exe', returning.
TpTrace Information: 0 : 13640, 1, 2021/10/12, 10:34:26.918, 10927700279903, vstest.console.dll, AssemblyResolver.OnResolve: Microsoft.Bcl.AsyncInterfaces: Searching in: 'C:\Program Files\dotnet\sdk\5.0.401'.
TpTrace Information: 0 : 13640, 1, 2021/10/12, 10:34:26.918, 10927700280513, vstest.console.dll, AssemblyResolver.OnResolve: Microsoft.Bcl.AsyncInterfaces: Assembly path does not exist: 'C:\Program Files\dotnet\sdk\5.0.401\Microsoft.Bcl.AsyncInterfaces.dll', returning.
TpTrace Information: 0 : 13640, 1, 2021/10/12, 10:34:26.918, 10927700281721, vstest.console.dll, AssemblyResolver.OnResolve: Microsoft.Bcl.AsyncInterfaces: Assembly path does not exist: 'C:\Program Files\dotnet\sdk\5.0.401\Microsoft.Bcl.AsyncInterfaces.exe', returning.
TpTrace Information: 0 : 13640, 1, 2021/10/12, 10:34:26.919, 10927700282072, vstest.console.dll, AssemblyResolver.OnResolve: Microsoft.Bcl.AsyncInterfaces: Failed to load assembly.
TpTrace Verbose: 0 : 13640, 1, 2021/10/12, 10:34:26.919, 10927700282675, vstest.console.dll, CurrentDomainAssemblyResolve: Resolving assembly 'Microsoft.Bcl.AsyncInterfaces'.
TpTrace Information: 0 : 13640, 1, 2021/10/12, 10:34:26.919, 10927700283292, vstest.console.dll, AssemblyResolver.OnResolve: Microsoft.Bcl.AsyncInterfaces: Resolving assembly.
TpTrace Information: 0 : 13640, 1, 2021/10/12, 10:34:26.919, 10927700283635, vstest.console.dll, AssemblyResolver.OnResolve: Microsoft.Bcl.AsyncInterfaces: Resolved from cache.
TpTrace Verbose: 0 : 13640, 1, 2021/10/12, 10:34:26.919, 10927700283885, vstest.console.dll, CurrentDomainAssemblyResolve: Resolving assembly 'Microsoft.Bcl.AsyncInterfaces'.
TpTrace Verbose: 0 : 13640, 1, 2021/10/12, 10:34:26.919, 10927700284251, vstest.console.dll, CurrentDomainAssemblyResolve: Failed to resolve assembly 'Microsoft.Bcl.AsyncInterfaces'.
TpTrace Verbose: 0 : 13640, 1, 2021/10/12, 10:34:26.920, 10927700293738, vstest.console.dll, CurrentDomainAssemblyResolve: Failed to resolve assembly 'Microsoft.Bcl.AsyncInterfaces'.
TpTrace Warning: 0 : 13640, 1, 2021/10/12, 10:34:26.941, 10927700506217, vstest.console.dll, TestPluginDiscoverer: Failed to get types from assembly 'Microsoft.Diagnostics.NETCore.Client, Version=0.2.2.41902, Culture=neutral, PublicKeyToken=31bf3856ad364e35'.  Skipping test extension scan for this assembly.  Error: System.Reflection.ReflectionTypeLoadException: Unable to load one or more of the requested types.
Could not load file or assembly 'Microsoft.Bcl.AsyncInterfaces, Version=1.0.0.0, Culture=neutral, PublicKeyToken=cc7b13ffcd2ddd51'. Das System kann die angegebene Datei nicht finden.
   at System.Reflection.RuntimeModule.GetTypes(RuntimeModule module)
   at System.Reflection.RuntimeModule.GetTypes()
   at System.Reflection.Assembly.GetTypes()
   at Microsoft.VisualStudio.TestPlatform.Common.ExtensionFramework.TestPluginDiscoverer.GetTestExtensionsFromAssembly[TPluginInfo,TExtension](Assembly assembly, Dictionary`2 pluginInfos)
System.IO.FileNotFoundException: Could not load file or assembly 'Microsoft.Bcl.AsyncInterfaces, Version=1.0.0.0, Culture=neutral, PublicKeyToken=cc7b13ffcd2ddd51'. Das System kann die angegebene Datei nicht finden.
File name: 'Microsoft.Bcl.AsyncInterfaces, Version=1.0.0.0, Culture=neutral, PublicKeyToken=cc7b13ffcd2ddd51'
TpTrace Warning: 0 : 13640, 1, 2021/10/12, 10:34:26.941, 10927700507465, vstest.console.dll, LoaderExceptions: System.IO.FileNotFoundException: Could not load file or assembly 'Microsoft.Bcl.AsyncInterfaces, Version=1.0.0.0, Culture=neutral, PublicKeyToken=cc7b13ffcd2ddd51'. Das System kann die angegebene Datei nicht finden.
File name: 'Microsoft.Bcl.AsyncInterfaces, Version=1.0.0.0, Culture=neutral, PublicKeyToken=cc7b13ffcd2ddd51'
TpTrace Information: 0 : 13640, 1, 2021/10/12, 10:34:26.941, 10927700508622, vstest.console.dll, AssemblyResolver.OnResolve: Microsoft.TestPlatform.Extensions.BlameDataCollector: Resolving assembly.
TpTrace Information: 0 : 13640, 1, 2021/10/12, 10:34:26.941, 10927700509044, vstest.console.dll, AssemblyResolver.OnResolve: Microsoft.TestPlatform.Extensions.BlameDataCollector: Searching in: 'C:\Program Files\dotnet\sdk\5.0.401\Extensions'.
TpTrace Information: 0 : 13640, 1, 2021/10/12, 10:34:26.943, 10927700525773, vstest.console.dll, AssemblyResolver.OnResolve: Microsoft.TestPlatform.Extensions.BlameDataCollector: Loading assembly 'C:\Program Files\dotnet\sdk\5.0.401\Extensions\Microsoft.TestPlatform.Extensions.BlameDataCollector.dll'.
TpTrace Information: 0 : 13640, 1, 2021/10/12, 10:34:26.945, 10927700544986, vstest.console.dll, AssemblyResolver.OnResolve: Resolved assembly: Microsoft.TestPlatform.Extensions.BlameDataCollector, from path: C:\Program Files\dotnet\sdk\5.0.401\Extensions\Microsoft.TestPlatform.Extensions.BlameDataCollector.dll
TpTrace Information: 0 : 13640, 1, 2021/10/12, 10:34:26.946, 10927700558449, vstest.console.dll, AssemblyResolver.OnResolve: Microsoft.TestPlatform.Extensions.EventLogCollector: Resolving assembly.
TpTrace Information: 0 : 13640, 1, 2021/10/12, 10:34:26.946, 10927700559228, vstest.console.dll, AssemblyResolver.OnResolve: Microsoft.TestPlatform.Extensions.EventLogCollector: Searching in: 'C:\Program Files\dotnet\sdk\5.0.401\Extensions'.
TpTrace Information: 0 : 13640, 1, 2021/10/12, 10:34:26.947, 10927700569473, vstest.console.dll, AssemblyResolver.OnResolve: Microsoft.TestPlatform.Extensions.EventLogCollector: Loading assembly 'C:\Program Files\dotnet\sdk\5.0.401\Extensions\Microsoft.TestPlatform.Extensions.EventLogCollector.dll'.
TpTrace Information: 0 : 13640, 1, 2021/10/12, 10:34:26.948, 10927700579413, vstest.console.dll, AssemblyResolver.OnResolve: Resolved assembly: Microsoft.TestPlatform.Extensions.EventLogCollector, from path: C:\Program Files\dotnet\sdk\5.0.401\Extensions\Microsoft.TestPlatform.Extensions.EventLogCollector.dll
TpTrace Information: 0 : 13640, 1, 2021/10/12, 10:34:26.953, 10927700625823, vstest.console.dll, AssemblyResolver.OnResolve: Microsoft.TestPlatform.TestHostRuntimeProvider: Resolving assembly.
TpTrace Information: 0 : 13640, 1, 2021/10/12, 10:34:26.953, 10927700627181, vstest.console.dll, AssemblyResolver.OnResolve: Microsoft.TestPlatform.TestHostRuntimeProvider: Searching in: 'C:\Program Files\dotnet\sdk\5.0.401\Extensions'.
TpTrace Information: 0 : 13640, 1, 2021/10/12, 10:34:26.955, 10927700643630, vstest.console.dll, AssemblyResolver.OnResolve: Microsoft.TestPlatform.TestHostRuntimeProvider: Loading assembly 'C:\Program Files\dotnet\sdk\5.0.401\Extensions\Microsoft.TestPlatform.TestHostRuntimeProvider.dll'.
TpTrace Information: 0 : 13640, 1, 2021/10/12, 10:34:26.956, 10927700657081, vstest.console.dll, AssemblyResolver.OnResolve: Resolved assembly: Microsoft.TestPlatform.TestHostRuntimeProvider, from path: C:\Program Files\dotnet\sdk\5.0.401\Extensions\Microsoft.TestPlatform.TestHostRuntimeProvider.dll
TpTrace Information: 0 : 13640, 1, 2021/10/12, 10:34:26.958, 10927700676993, vstest.console.dll, AssemblyResolver.OnResolve: Microsoft.VisualStudio.TestPlatform.Extensions.Html.TestLogger: Resolving assembly.
TpTrace Information: 0 : 13640, 1, 2021/10/12, 10:34:26.958, 10927700677957, vstest.console.dll, AssemblyResolver.OnResolve: Microsoft.VisualStudio.TestPlatform.Extensions.Html.TestLogger: Searching in: 'C:\Program Files\dotnet\sdk\5.0.401\Extensions'.
TpTrace Information: 0 : 13640, 1, 2021/10/12, 10:34:26.960, 10927700693606, vstest.console.dll, AssemblyResolver.OnResolve: Microsoft.VisualStudio.TestPlatform.Extensions.Html.TestLogger: Loading assembly 'C:\Program Files\dotnet\sdk\5.0.401\Extensions\Microsoft.VisualStudio.TestPlatform.Extensions.Html.TestLogger.dll'.
TpTrace Information: 0 : 13640, 1, 2021/10/12, 10:34:26.961, 10927700709253, vstest.console.dll, AssemblyResolver.OnResolve: Resolved assembly: Microsoft.VisualStudio.TestPlatform.Extensions.Html.TestLogger, from path: C:\Program Files\dotnet\sdk\5.0.401\Extensions\Microsoft.VisualStudio.TestPlatform.Extensions.Html.TestLogger.dll
TpTrace Information: 0 : 13640, 1, 2021/10/12, 10:34:26.962, 10927700715225, vstest.console.dll, AssemblyResolver.OnResolve: Microsoft.VisualStudio.TestPlatform.Extensions.Trx.TestLogger: Resolving assembly.
TpTrace Information: 0 : 13640, 1, 2021/10/12, 10:34:26.962, 10927700716751, vstest.console.dll, AssemblyResolver.OnResolve: Microsoft.VisualStudio.TestPlatform.Extensions.Trx.TestLogger: Searching in: 'C:\Program Files\dotnet\sdk\5.0.401\Extensions'.
TpTrace Information: 0 : 13640, 1, 2021/10/12, 10:34:26.964, 10927700738075, vstest.console.dll, AssemblyResolver.OnResolve: Microsoft.VisualStudio.TestPlatform.Extensions.Trx.TestLogger: Loading assembly 'C:\Program Files\dotnet\sdk\5.0.401\Extensions\Microsoft.VisualStudio.TestPlatform.Extensions.Trx.TestLogger.dll'.
TpTrace Information: 0 : 13640, 1, 2021/10/12, 10:34:26.966, 10927700759338, vstest.console.dll, AssemblyResolver.OnResolve: Resolved assembly: Microsoft.VisualStudio.TestPlatform.Extensions.Trx.TestLogger, from path: C:\Program Files\dotnet\sdk\5.0.401\Extensions\Microsoft.VisualStudio.TestPlatform.Extensions.Trx.TestLogger.dll
TpTrace Verbose: 0 : 13640, 1, 2021/10/12, 10:34:26.967, 10927700768690, vstest.console.dll, TestPluginCache: Discovered the extensions using extension path ''.
TpTrace Verbose: 0 : 13640, 1, 2021/10/12, 10:34:26.967, 10927700769605, vstest.console.dll, TestPluginCache: Discoverers are ''.
TpTrace Verbose: 0 : 13640, 1, 2021/10/12, 10:34:26.967, 10927700770250, vstest.console.dll, TestPluginCache: Executors are ''.
TpTrace Verbose: 0 : 13640, 1, 2021/10/12, 10:34:26.967, 10927700770738, vstest.console.dll, TestPluginCache: Executors2 are ''.
TpTrace Verbose: 0 : 13640, 1, 2021/10/12, 10:34:26.967, 10927700771118, vstest.console.dll, TestPluginCache: Setting providers are ''.
TpTrace Verbose: 0 : 13640, 1, 2021/10/12, 10:34:26.967, 10927700771387, vstest.console.dll, TestPluginCache: Loggers are ''.
TpTrace Information: 0 : 13640, 1, 2021/10/12, 10:34:26.975, 10927700842689, vstest.console.dll, RunTestsArgumentProcessor:Execute: Test run is starting.
TpTrace Verbose: 0 : 13640, 1, 2021/10/12, 10:34:26.975, 10927700843602, vstest.console.dll, RunTestsArgumentProcessor:Execute: Queuing Test run.
TpTrace Information: 0 : 13640, 1, 2021/10/12, 10:34:26.975, 10927700845319, vstest.console.dll, TestRequestManager.RunTests: run tests started.
TpTrace Information: 0 : 13640, 1, 2021/10/12, 10:34:26.978, 10927700880288, vstest.console.dll, AssemblyMetadataProvider.GetFrameWork: Determined framework:'.NETCoreApp,Version=v5.0' for source: 'C:\.Jakob\FHTW\3_Semester\Sofware_Engineering\monster-trading-card-game\MTCG_Tests\bin\Debug\net5.0\fine-code-coverage\build-output\MTCG_Tests.dll'
TpTrace Information: 0 : 13640, 1, 2021/10/12, 10:34:26.978, 10927700881844, vstest.console.dll, Determined framework for all sources: .NETCoreApp,Version=v5.0
TpTrace Information: 0 : 13640, 1, 2021/10/12, 10:34:26.979, 10927700885196, vstest.console.dll, AssemblyMetadataProvider.GetArchitecture: Determined architecture:AnyCPU info for assembly: C:\.Jakob\FHTW\3_Semester\Sofware_Engineering\monster-trading-card-game\MTCG_Tests\bin\Debug\net5.0\fine-code-coverage\build-output\MTCG_Tests.dll
TpTrace Information: 0 : 13640, 1, 2021/10/12, 10:34:26.980, 10927700901369, vstest.console.dll, Determined platform for all sources: X64
TpTrace Information: 0 : 13640, 1, 2021/10/12, 10:34:26.983, 10927700923109, vstest.console.dll, Compatible sources list : 
TpTrace Information: 0 : 13640, 1, 2021/10/12, 10:34:26.983, 10927700923782, vstest.console.dll, C:\.Jakob\FHTW\3_Semester\Sofware_Engineering\monster-trading-card-game\MTCG_Tests\bin\Debug\net5.0\fine-code-coverage\build-output\MTCG_Tests.dll
TpTrace Information: 0 : 13640, 1, 2021/10/12, 10:34:26.986, 10927700958684, vstest.console.dll, InferRunSettingsHelper.IsTestSettingsEnabled: Unable to navigate to RunSettings/MSTest. Current node: RunSettings
TpTrace Information: 0 : 13640, 1, 2021/10/12, 10:34:26.987, 10927700967201, vstest.console.dll, AssemblyResolver.OnResolve: Microsoft.VisualStudio.TestPlatform.Fakes: Resolving assembly.
TpTrace Information: 0 : 13640, 1, 2021/10/12, 10:34:26.987, 10927700967959, vstest.console.dll, AssemblyResolver.OnResolve: Microsoft.VisualStudio.TestPlatform.Fakes: Searching in: 'C:\Program Files\dotnet\sdk\5.0.401\Extensions'.
TpTrace Information: 0 : 13640, 1, 2021/10/12, 10:34:26.987, 10927700969319, vstest.console.dll, AssemblyResolver.OnResolve: Microsoft.VisualStudio.TestPlatform.Fakes: Assembly path does not exist: 'C:\Program Files\dotnet\sdk\5.0.401\Extensions\Microsoft.VisualStudio.TestPlatform.Fakes.dll', returning.
TpTrace Information: 0 : 13640, 1, 2021/10/12, 10:34:26.987, 10927700970248, vstest.console.dll, AssemblyResolver.OnResolve: Microsoft.VisualStudio.TestPlatform.Fakes: Assembly path does not exist: 'C:\Program Files\dotnet\sdk\5.0.401\Extensions\Microsoft.VisualStudio.TestPlatform.Fakes.exe', returning.
TpTrace Information: 0 : 13640, 1, 2021/10/12, 10:34:26.987, 10927700970604, vstest.console.dll, AssemblyResolver.OnResolve: Microsoft.VisualStudio.TestPlatform.Fakes: Searching in: 'C:\Program Files\dotnet\sdk\5.0.401'.
TpTrace Information: 0 : 13640, 1, 2021/10/12, 10:34:26.987, 10927700971385, vstest.console.dll, AssemblyResolver.OnResolve: Microsoft.VisualStudio.TestPlatform.Fakes: Assembly path does not exist: 'C:\Program Files\dotnet\sdk\5.0.401\Microsoft.VisualStudio.TestPlatform.Fakes.dll', returning.
TpTrace Information: 0 : 13640, 1, 2021/10/12, 10:34:26.988, 10927700972025, vstest.console.dll, AssemblyResolver.OnResolve: Microsoft.VisualStudio.TestPlatform.Fakes: Assembly path does not exist: 'C:\Program Files\dotnet\sdk\5.0.401\Microsoft.VisualStudio.TestPlatform.Fakes.exe', returning.
TpTrace Information: 0 : 13640, 1, 2021/10/12, 10:34:26.988, 10927700972310, vstest.console.dll, AssemblyResolver.OnResolve: Microsoft.VisualStudio.TestPlatform.Fakes: Failed to load assembly.
TpTrace Information: 0 : 13640, 1, 2021/10/12, 10:34:26.988, 10927700979600, vstest.console.dll, Failed to create newly implemented Fakes Configurator. Reason:System.IO.FileNotFoundException: Could not load file or assembly 'Microsoft.VisualStudio.TestPlatform.Fakes, Version=16.0.0.0, Culture=neutral, PublicKeyToken=null'. Das System kann die angegebene Datei nicht finden.
File name: 'Microsoft.VisualStudio.TestPlatform.Fakes, Version=16.0.0.0, Culture=neutral, PublicKeyToken=null'
   at System.Reflection.RuntimeAssembly.InternalLoad(ObjectHandleOnStack assemblyName, ObjectHandleOnStack requestingAssembly, StackCrawlMarkHandle stackMark, Boolean throwOnFileNotFound, ObjectHandleOnStack assemblyLoadContext, ObjectHandleOnStack retAssembly)
   at System.Reflection.RuntimeAssembly.InternalLoad(AssemblyName assemblyName, RuntimeAssembly requestingAssembly, StackCrawlMark& stackMark, Boolean throwOnFileNotFound, AssemblyLoadContext assemblyLoadContext)
   at System.Reflection.Assembly.Load(AssemblyName assemblyRef)
   at Microsoft.VisualStudio.TestPlatform.Common.Utilities.FakesUtilities.TryGetFakesCrossPlatformDataCollectorConfigurator() 
TpTrace Verbose: 0 : 13640, 1, 2021/10/12, 10:34:26.993, 10927701031301, vstest.console.dll, TestPluginCache.DiscoverTestExtensions: finding test extensions in assemblies ends with: TestLogger.dll TPluginInfo: Microsoft.VisualStudio.TestPlatform.Common.ExtensionFramework.Utilities.TestLoggerPluginInformation TExtension: Microsoft.VisualStudio.TestPlatform.ObjectModel.Client.ITestLogger
TpTrace Verbose: 0 : 13640, 1, 2021/10/12, 10:34:26.994, 10927701032199, vstest.console.dll, TestPluginCache.GetExtensionPaths: Filtered extension paths: 
TpTrace Verbose: 0 : 13640, 1, 2021/10/12, 10:34:26.994, 10927701032498, vstest.console.dll, TestPluginCache.GetExtensionPaths: Added default extension paths: C:\Program Files\dotnet\sdk\5.0.401\Extensions\Microsoft.Diagnostics.NETCore.Client.dll
C:\Program Files\dotnet\sdk\5.0.401\Extensions\Microsoft.TestPlatform.Extensions.BlameDataCollector.dll
C:\Program Files\dotnet\sdk\5.0.401\Extensions\Microsoft.TestPlatform.Extensions.EventLogCollector.dll
C:\Program Files\dotnet\sdk\5.0.401\Extensions\Microsoft.TestPlatform.TestHostRuntimeProvider.dll
C:\Program Files\dotnet\sdk\5.0.401\Extensions\Microsoft.VisualStudio.TestPlatform.Extensions.Html.TestLogger.dll
C:\Program Files\dotnet\sdk\5.0.401\Extensions\Microsoft.VisualStudio.TestPlatform.Extensions.Trx.TestLogger.dll
TpTrace Verbose: 0 : 13640, 1, 2021/10/12, 10:34:26.994, 10927701032818, vstest.console.dll, TestPluginCache.GetExtensionPaths: Added unfilterableExtensionPaths: 
TpTrace Information: 0 : 13640, 1, 2021/10/12, 10:34:26.994, 10927701034328, vstest.console.dll, AssemblyResolver.AddSearchDirectories: Adding more searchDirectories C:\Program Files\dotnet\sdk\5.0.401\Extensions,C:\Program Files\dotnet\sdk\5.0.401
TpTrace Verbose: 0 : 13640, 1, 2021/10/12, 10:34:26.994, 10927701034850, vstest.console.dll, TestPluginCache.DiscoverTestExtensions: Discovering the extensions using extension path.
TpTrace Verbose: 0 : 13640, 1, 2021/10/12, 10:34:26.994, 10927701035146, vstest.console.dll, TestPluginCache.GetExtensionPaths: Filtered extension paths: 
TpTrace Verbose: 0 : 13640, 1, 2021/10/12, 10:34:26.994, 10927701035425, vstest.console.dll, TestPluginCache.GetExtensionPaths: Added default extension paths: C:\Program Files\dotnet\sdk\5.0.401\Extensions\Microsoft.Diagnostics.NETCore.Client.dll
C:\Program Files\dotnet\sdk\5.0.401\Extensions\Microsoft.TestPlatform.Extensions.BlameDataCollector.dll
C:\Program Files\dotnet\sdk\5.0.401\Extensions\Microsoft.TestPlatform.Extensions.EventLogCollector.dll
C:\Program Files\dotnet\sdk\5.0.401\Extensions\Microsoft.TestPlatform.TestHostRuntimeProvider.dll
C:\Program Files\dotnet\sdk\5.0.401\Extensions\Microsoft.VisualStudio.TestPlatform.Extensions.Html.TestLogger.dll
C:\Program Files\dotnet\sdk\5.0.401\Extensions\Microsoft.VisualStudio.TestPlatform.Extensions.Trx.TestLogger.dll
TpTrace Verbose: 0 : 13640, 1, 2021/10/12, 10:34:26.994, 10927701035667, vstest.console.dll, TestPluginCache.GetExtensionPaths: Added unfilterableExtensionPaths: 
TpTrace Verbose: 0 : 13640, 1, 2021/10/12, 10:34:26.994, 10927701035987, vstest.console.dll, TestPluginCache.DiscoverTestExtensions: Discovering the extensions using allExtensionPaths: C:\Program Files\dotnet\sdk\5.0.401\Extensions\Microsoft.Diagnostics.NETCore.Client.dll
C:\Program Files\dotnet\sdk\5.0.401\Extensions\Microsoft.TestPlatform.Extensions.BlameDataCollector.dll
C:\Program Files\dotnet\sdk\5.0.401\Extensions\Microsoft.TestPlatform.Extensions.EventLogCollector.dll
C:\Program Files\dotnet\sdk\5.0.401\Extensions\Microsoft.TestPlatform.TestHostRuntimeProvider.dll
C:\Program Files\dotnet\sdk\5.0.401\Extensions\Microsoft.VisualStudio.TestPlatform.Extensions.Html.TestLogger.dll
C:\Program Files\dotnet\sdk\5.0.401\Extensions\Microsoft.VisualStudio.TestPlatform.Extensions.Trx.TestLogger.dll
TpTrace Information: 0 : 13640, 1, 2021/10/12, 10:34:26.994, 10927701036349, vstest.console.dll, AssemblyResolver.AddSearchDirectories: Adding more searchDirectories C:\Program Files\dotnet\sdk\5.0.401\Extensions,C:\Program Files\dotnet\sdk\5.0.401
TpTrace Information: 0 : 13640, 1, 2021/10/12, 10:34:26.994, 10927701036732, vstest.console.dll, AssemblyResolver.AddSearchDirectories: Adding more searchDirectories C:\Program Files\dotnet\sdk\5.0.401\Extensions,C:\Program Files\dotnet\sdk\5.0.401
TpTrace Information: 0 : 13640, 1, 2021/10/12, 10:34:26.994, 10927701036985, vstest.console.dll, AssemblyResolver.AddSearchDirectories: Adding more searchDirectories C:\Program Files\dotnet\sdk\5.0.401\Extensions,C:\Program Files\dotnet\sdk\5.0.401
TpTrace Information: 0 : 13640, 1, 2021/10/12, 10:34:26.994, 10927701037216, vstest.console.dll, AssemblyResolver.AddSearchDirectories: Adding more searchDirectories C:\Program Files\dotnet\sdk\5.0.401\Extensions,C:\Program Files\dotnet\sdk\5.0.401
TpTrace Information: 0 : 13640, 1, 2021/10/12, 10:34:26.994, 10927701037490, vstest.console.dll, AssemblyResolver.AddSearchDirectories: Adding more searchDirectories C:\Program Files\dotnet\sdk\5.0.401\Extensions,C:\Program Files\dotnet\sdk\5.0.401
TpTrace Information: 0 : 13640, 1, 2021/10/12, 10:34:26.994, 10927701037723, vstest.console.dll, AssemblyResolver.AddSearchDirectories: Adding more searchDirectories C:\Program Files\dotnet\sdk\5.0.401\Extensions,C:\Program Files\dotnet\sdk\5.0.401
TpTrace Information: 0 : 13640, 1, 2021/10/12, 10:34:26.994, 10927701039982, vstest.console.dll, AssemblyResolver.OnResolve: Microsoft.Bcl.AsyncInterfaces: Resolving assembly.
TpTrace Information: 0 : 13640, 1, 2021/10/12, 10:34:26.994, 10927701040452, vstest.console.dll, AssemblyResolver.OnResolve: Microsoft.Bcl.AsyncInterfaces: Resolved from cache.
TpTrace Verbose: 0 : 13640, 1, 2021/10/12, 10:34:26.994, 10927701040740, vstest.console.dll, CurrentDomainAssemblyResolve: Resolving assembly 'Microsoft.Bcl.AsyncInterfaces'.
TpTrace Information: 0 : 13640, 1, 2021/10/12, 10:34:26.994, 10927701041254, vstest.console.dll, AssemblyResolver.OnResolve: Microsoft.Bcl.AsyncInterfaces: Resolving assembly.
TpTrace Information: 0 : 13640, 1, 2021/10/12, 10:34:26.994, 10927701041519, vstest.console.dll, AssemblyResolver.OnResolve: Microsoft.Bcl.AsyncInterfaces: Resolved from cache.
TpTrace Verbose: 0 : 13640, 1, 2021/10/12, 10:34:26.994, 10927701041763, vstest.console.dll, CurrentDomainAssemblyResolve: Resolving assembly 'Microsoft.Bcl.AsyncInterfaces'.
TpTrace Verbose: 0 : 13640, 1, 2021/10/12, 10:34:26.995, 10927701041975, vstest.console.dll, CurrentDomainAssemblyResolve: Failed to resolve assembly 'Microsoft.Bcl.AsyncInterfaces'.
TpTrace Verbose: 0 : 13640, 1, 2021/10/12, 10:34:26.995, 10927701043383, vstest.console.dll, CurrentDomainAssemblyResolve: Failed to resolve assembly 'Microsoft.Bcl.AsyncInterfaces'.
TpTrace Warning: 0 : 13640, 1, 2021/10/12, 10:34:26.995, 10927701045818, vstest.console.dll, TestPluginDiscoverer: Failed to get types from assembly 'Microsoft.Diagnostics.NETCore.Client, Version=0.2.2.41902, Culture=neutral, PublicKeyToken=31bf3856ad364e35'.  Skipping test extension scan for this assembly.  Error: System.Reflection.ReflectionTypeLoadException: Unable to load one or more of the requested types.
Could not load file or assembly 'Microsoft.Bcl.AsyncInterfaces, Version=1.0.0.0, Culture=neutral, PublicKeyToken=cc7b13ffcd2ddd51'. Das System kann die angegebene Datei nicht finden.
   at System.Reflection.RuntimeModule.GetTypes(RuntimeModule module)
   at System.Reflection.RuntimeModule.GetTypes()
   at System.Reflection.Assembly.GetTypes()
   at Microsoft.VisualStudio.TestPlatform.Common.ExtensionFramework.TestPluginDiscoverer.GetTestExtensionsFromAssembly[TPluginInfo,TExtension](Assembly assembly, Dictionary`2 pluginInfos)
System.IO.FileNotFoundException: Could not load file or assembly 'Microsoft.Bcl.AsyncInterfaces, Version=1.0.0.0, Culture=neutral, PublicKeyToken=cc7b13ffcd2ddd51'. Das System kann die angegebene Datei nicht finden.
File name: 'Microsoft.Bcl.AsyncInterfaces, Version=1.0.0.0, Culture=neutral, PublicKeyToken=cc7b13ffcd2ddd51'
TpTrace Warning: 0 : 13640, 1, 2021/10/12, 10:34:26.995, 10927701046261, vstest.console.dll, LoaderExceptions: System.IO.FileNotFoundException: Could not load file or assembly 'Microsoft.Bcl.AsyncInterfaces, Version=1.0.0.0, Culture=neutral, PublicKeyToken=cc7b13ffcd2ddd51'. Das System kann die angegebene Datei nicht finden.
File name: 'Microsoft.Bcl.AsyncInterfaces, Version=1.0.0.0, Culture=neutral, PublicKeyToken=cc7b13ffcd2ddd51'
TpTrace Verbose: 0 : 13640, 1, 2021/10/12, 10:34:26.995, 10927701049394, vstest.console.dll, TestPluginCache: Discovered the extensions using extension path ''.
TpTrace Verbose: 0 : 13640, 1, 2021/10/12, 10:34:26.995, 10927701049774, vstest.console.dll, TestPluginCache: Discoverers are ''.
TpTrace Verbose: 0 : 13640, 1, 2021/10/12, 10:34:26.995, 10927701049986, vstest.console.dll, TestPluginCache: Executors are ''.
TpTrace Verbose: 0 : 13640, 1, 2021/10/12, 10:34:26.995, 10927701050229, vstest.console.dll, TestPluginCache: Executors2 are ''.
TpTrace Verbose: 0 : 13640, 1, 2021/10/12, 10:34:26.995, 10927701050425, vstest.console.dll, TestPluginCache: Setting providers are ''.
TpTrace Verbose: 0 : 13640, 1, 2021/10/12, 10:34:26.995, 10927701050960, vstest.console.dll, TestPluginCache: Loggers are 'logger://Microsoft/TestPlatform/Extensions/Blame/v1,logger://Microsoft/TestPlatform/HtmlLogger/v1,logger://Microsoft/TestPlatform/TrxLogger/v1'.
TpTrace Information: 0 : 13640, 1, 2021/10/12, 10:34:26.996, 10927701056492, vstest.console.dll, TestPluginManager.CreateTestExtension: Attempting to load test extension: Microsoft.TestPlatform.Extensions.BlameDataCollector.BlameLogger
TpTrace Information: 0 : 13640, 1, 2021/10/12, 10:34:27.007, 10927701169616, vstest.console.dll, TestPluginManager.CreateTestExtension: Attempting to load test extension: Microsoft.VisualStudio.TestPlatform.CrossPlatEngine.Hosting.DefaultTestHostManager
TpTrace Information: 0 : 13640, 1, 2021/10/12, 10:34:27.008, 10927701175001, vstest.console.dll, TestPluginManager.CreateTestExtension: Attempting to load test extension: Microsoft.VisualStudio.TestPlatform.CrossPlatEngine.Hosting.DotnetTestHostManager
TpTrace Verbose: 0 : 13640, 1, 2021/10/12, 10:34:27.009, 10927701183379, vstest.console.dll, TestEngine: Initializing Parallel Execution as MaxCpuCount is set to: 1
TpTrace Information: 0 : 13640, 1, 2021/10/12, 10:34:27.009, 10927701190263, vstest.console.dll, InferRunSettingsHelper.IsTestSettingsEnabled: Unable to navigate to RunSettings/MSTest. Current node: RunSettings
TpTrace Verbose: 0 : 13640, 1, 2021/10/12, 10:34:27.051, 10927701604153, vstest.console.dll, TestRequestSender is acting as server
TpTrace Verbose: 0 : 13640, 4, 2021/10/12, 10:34:27.055, 10927701650129, vstest.console.dll, DataCollectionRequestSender.InitializeCommunication : Initialize communication. 
TpTrace Information: 0 : 13640, 4, 2021/10/12, 10:34:27.072, 10927701813932, vstest.console.dll, Listening on Endpoint : 127.0.0.1:58305
TpTrace Verbose: 0 : 13640, 4, 2021/10/12, 10:34:27.085, 10927701943297, vstest.console.dll, DotnetDataCollectionLauncher: Full path of dotnet.exe is C:\Program Files\dotnet\dotnet.exe
TpTrace Verbose: 0 : 13640, 4, 2021/10/12, 10:34:27.085, 10927701945754, vstest.console.dll, DotnetDataCollectionLauncher: Adding  --runtimeconfig "C:\Program Files\dotnet\sdk\5.0.401\datacollector.runtimeconfig.json" in args
TpTrace Verbose: 0 : 13640, 4, 2021/10/12, 10:34:27.085, 10927701946908, vstest.console.dll, DotnetDataCollectionLauncher: Adding  --depsfile "C:\Program Files\dotnet\sdk\5.0.401\datacollector.deps.json" in args
TpTrace Information: 0 : 13640, 4, 2021/10/12, 10:34:27.095, 10927702045081, vstest.console.dll, ProxyDataCollectionManager.Initialize: Launched datacollector processId: 14260 port: 58305
TpTrace Information: 0 : 13640, 4, 2021/10/12, 10:34:27.095, 10927702046809, vstest.console.dll, ProxyDataCollectionManager.Initialize: waiting for connection with timeout: 90 seconds
TpTrace Verbose: 0 : 13640, 4, 2021/10/12, 10:34:27.095, 10927702047509, vstest.console.dll, DataCollectionRequestSender.WaitForRequestHandlerConnection : Waiting for connection with timeout: 90000
TpTrace Information: 0 : 13640, 7, 2021/10/12, 10:34:27.271, 10927703804994, vstest.console.dll, Using the buffer size of 16384 bytes
TpTrace Information: 0 : 13640, 7, 2021/10/12, 10:34:27.271, 10927703806506, vstest.console.dll, Accepted Client request and set the flag
TpTrace Verbose: 0 : 13640, 4, 2021/10/12, 10:34:27.271, 10927703806530, vstest.console.dll, ProxyDataCollectionManager.InvokeDataCollectionServiceAction: Starting.
TpTrace Information: 0 : 13640, 4, 2021/10/12, 10:34:27.271, 10927703808972, vstest.console.dll, ProxyDataCollectionManager.BeforeTestRunStart: Get environment variable and port for datacollector processId: 14260 port: 58305
TpTrace Verbose: 0 : 13640, 4, 2021/10/12, 10:34:27.271, 10927703810650, vstest.console.dll, DataCollectionRequestSender.SendBeforeTestRunStartAndGetResult : Send BeforeTestRunStart message with settingsXml <RunSettings><RunConfiguration><ResultsDirectory>C:\.Jakob\FHTW\3_Semester\Sofware_Engineering\monster-trading-card-game\MTCG_Tests\bin\Debug\net5.0\fine-code-coverage\coverage-tool-output</ResultsDirectory><TargetPlatform>X64</TargetPlatform><TargetFrameworkVersion>.NETCoreApp,Version=v5.0</TargetFrameworkVersion><DesignMode>False</DesignMode><CollectSourceInformation>False</CollectSourceInformation><TestAdaptersPaths>C:\Program Files\dotnet\sdk\5.0.401\Extensions</TestAdaptersPaths></RunConfiguration><LoggerRunSettings><Loggers><Logger friendlyName="blame" enabled="True" /><Logger friendlyName="Console" uri="logger://microsoft/TestPlatform/ConsoleLogger/v1" assemblyQualifiedName="Microsoft.VisualStudio.TestPlatform.CommandLine.Internal.ConsoleLogger, vstest.console, Version=15.0.0.0, Culture=neutral, PublicKeyToken=b03f5f7f11d50a3a" codeBase="C:\Program Files\dotnet\sdk\5.0.401\vstest.console.dll" enabled="True" /></Loggers></LoggerRunSettings><DataCollectionRunSettings><DataCollectors><DataCollector friendlyName="blame" enabled="True"><Configuration><ResultsDirectory>C:\.Jakob\FHTW\3_Semester\Sofware_Engineering\monster-trading-card-game\MTCG_Tests\bin\Debug\net5.0\fine-code-coverage\coverage-tool-output</ResultsDirectory></Configuration></DataCollector></DataCollectors></DataCollectionRunSettings></RunSettings> and sources System.Linq.Enumerable+Concat2Iterator`1[System.String]: 
TpTrace Verbose: 0 : 13640, 4, 2021/10/12, 10:34:27.389, 10927704989407, vstest.console.dll, DataCollectionRequestSender.SendBeforeTestRunStartAndGetResult : Received message: (DataCollection.SendMessage) -> {
  "FriendlyName": null,
  "Uri": null,
  "TestCaseId": "00000000-0000-0000-0000-000000000000",
  "Message": "Logging DataCollector Diagnostics in file: C:\\.Jakob\\FHTW\\3_Semester\\Sofware_Engineering\\monster-trading-card-game\\MTCG_Tests\\bin\\Debug\\net5.0\\fine-code-coverage\\coverage-tool-output\\diagnostics.datacollector.21-10-12_10-34-27_08061_4.log",
  "Level": 0
}
TpTrace Verbose: 0 : 13640, 4, 2021/10/12, 10:34:27.505, 10927706148999, vstest.console.dll, DataCollectionRequestSender.SendBeforeTestRunStartAndGetResult : Received message: (DataCollection.BeforeTestRunStartResult) -> {
  "EnvironmentVariables": {},
  "DataCollectionEventsPort": 58307
}
TpTrace Information: 0 : 13640, 4, 2021/10/12, 10:34:27.514, 10927706232000, vstest.console.dll, ProxyDataCollectionManager.BeforeTestRunStart: SendBeforeTestRunStartAndGetResult successful, env variable from datacollector:   and testhost port: 58307
TpTrace Information: 0 : 13640, 4, 2021/10/12, 10:34:27.514, 10927706234182, vstest.console.dll, ProxyDataCollectionManager.InvokeDataCollectionServiceAction: Completed.
TpTrace Verbose: 0 : 13640, 1, 2021/10/12, 10:34:27.514, 10927706237038, vstest.console.dll, TestRunRequest.ExecuteAsync: Creating test run request.
TpTrace Verbose: 0 : 13640, 1, 2021/10/12, 10:34:27.515, 10927706242000, vstest.console.dll, TestRunRequest.ExecuteAsync: Starting.
TpTrace Information: 0 : 13640, 1, 2021/10/12, 10:34:27.515, 10927706246912, vstest.console.dll, TestRunRequest.ExecuteAsync: Starting run with settings:TestRunCriteria:
   KeepAlive=False,FrequencyOfRunStatsChangeEvent=10,RunStatsChangeEventTimeout=00:00:01.5000000,TestCaseFilter=,TestExecutorLauncher=
   Settingsxml=<RunSettings>
  <RunConfiguration>
    <ResultsDirectory>C:\.Jakob\FHTW\3_Semester\Sofware_Engineering\monster-trading-card-game\MTCG_Tests\bin\Debug\net5.0\fine-code-coverage\coverage-tool-output</ResultsDirectory>
    <TargetPlatform>X64</TargetPlatform>
    <TargetFrameworkVersion>.NETCoreApp,Version=v5.0</TargetFrameworkVersion>
    <DesignMode>False</DesignMode>
    <CollectSourceInformation>False</CollectSourceInformation>
  </RunConfiguration>
  <LoggerRunSettings>
    <Loggers>
      <Logger friendlyName="blame" enabled="True" />
      <Logger friendlyName="Console" uri="logger://microsoft/TestPlatform/ConsoleLogger/v1" assemblyQualifiedName="Microsoft.VisualStudio.TestPlatform.CommandLine.Internal.ConsoleLogger, vstest.console, Version=15.0.0.0, Culture=neutral, PublicKeyToken=b03f5f7f11d50a3a" codeBase="C:\Program Files\dotnet\sdk\5.0.401\vstest.console.dll" enabled="True" />
    </Loggers>
  </LoggerRunSettings>
  <DataCollectionRunSettings>
    <DataCollectors>
      <DataCollector friendlyName="blame" enabled="True">
        <Configuration>
          <ResultsDirectory>C:\.Jakob\FHTW\3_Semester\Sofware_Engineering\monster-trading-card-game\MTCG_Tests\bin\Debug\net5.0\fine-code-coverage\coverage-tool-output</ResultsDirectory>
        </Configuration>
      </DataCollector>
    </DataCollectors>
  </DataCollectionRunSettings>
</RunSettings>

TpTrace Verbose: 0 : 13640, 1, 2021/10/12, 10:34:27.515, 10927706247970, vstest.console.dll, TestRunRequest.ExecuteAsync: Wait for the first run request is over.
TpTrace Verbose: 0 : 13640, 1, 2021/10/12, 10:34:27.516, 10927706256531, vstest.console.dll, ParallelProxyExecutionManager: Start execution. Total sources: 1
TpTrace Information: 0 : 13640, 1, 2021/10/12, 10:34:27.517, 10927706271051, vstest.console.dll, ProxyParallelExecutionManager: Triggering test run for next source: C:\.Jakob\FHTW\3_Semester\Sofware_Engineering\monster-trading-card-game\MTCG_Tests\bin\Debug\net5.0\fine-code-coverage\build-output\MTCG_Tests.dll
TpTrace Verbose: 0 : 13640, 4, 2021/10/12, 10:34:27.518, 10927706274459, vstest.console.dll, ParallelProxyExecutionManager: Execution started. Started clients: 1
TpTrace Verbose: 0 : 13640, 1, 2021/10/12, 10:34:27.518, 10927706276374, vstest.console.dll, ProxyParallelExecutionManager: No sources available for execution.
TpTrace Information: 0 : 13640, 1, 2021/10/12, 10:34:27.518, 10927706278919, vstest.console.dll, TestRunRequest.ExecuteAsync: Started.
TpTrace Verbose: 0 : 13640, 1, 2021/10/12, 10:34:27.518, 10927706281081, vstest.console.dll, TestRunRequest.WaitForCompletion: Waiting with timeout -1.
TpTrace Verbose: 0 : 13640, 4, 2021/10/12, 10:34:27.518, 10927706281753, vstest.console.dll, TestRunRequest:SendTestRunMessage: Starting.
TpTrace Information: 0 : 13640, 4, 2021/10/12, 10:34:27.519, 10927706285958, vstest.console.dll, TestRunRequest:SendTestRunMessage: Completed.
TpTrace Verbose: 0 : 13640, 4, 2021/10/12, 10:34:27.520, 10927706293676, vstest.console.dll, ProxyExecutionManager: Test host is always Lazy initialize.
TpTrace Verbose: 0 : 13640, 4, 2021/10/12, 10:34:27.520, 10927706301124, vstest.console.dll, TestRequestSender.InitializeCommunication: initialize communication. 
TpTrace Information: 0 : 13640, 4, 2021/10/12, 10:34:27.521, 10927706311632, vstest.console.dll, SocketServer.Start: Listening on endpoint : 127.0.0.1:58308
TpTrace Verbose: 0 : 13640, 4, 2021/10/12, 10:34:27.523, 10927706326572, vstest.console.dll, DotnetTestHostmanager: Adding  --runtimeconfig "C:\.Jakob\FHTW\3_Semester\Sofware_Engineering\monster-trading-card-game\MTCG_Tests\bin\Debug\net5.0\fine-code-coverage\build-output\MTCG_Tests.runtimeconfig.json" in args
TpTrace Verbose: 0 : 13640, 4, 2021/10/12, 10:34:27.523, 10927706329187, vstest.console.dll, DotnetTestHostmanager: Adding  --depsfile "C:\.Jakob\FHTW\3_Semester\Sofware_Engineering\monster-trading-card-game\MTCG_Tests\bin\Debug\net5.0\fine-code-coverage\build-output\MTCG_Tests.deps.json" in args
TpTrace Verbose: 0 : 13640, 4, 2021/10/12, 10:34:27.524, 10927706334218, vstest.console.dll, DotnetTestHostManager: Testhost.exe/testhost.x86.exe found at path: C:\.Jakob\FHTW\3_Semester\Sofware_Engineering\monster-trading-card-game\MTCG_Tests\bin\Debug\net5.0\fine-code-coverage\build-output\testhost.exe
TpTrace Verbose: 0 : 13640, 4, 2021/10/12, 10:34:27.524, 10927706335219, vstest.console.dll, DotnetTestHostmanager: Full path of host exe is C:\.Jakob\FHTW\3_Semester\Sofware_Engineering\monster-trading-card-game\MTCG_Tests\bin\Debug\net5.0\fine-code-coverage\build-output\testhost.exe
TpTrace Verbose: 0 : 13640, 6, 2021/10/12, 10:34:27.526, 10927706354795, vstest.console.dll, DotnetTestHostManager: Starting process 'C:\.Jakob\FHTW\3_Semester\Sofware_Engineering\monster-trading-card-game\MTCG_Tests\bin\Debug\net5.0\fine-code-coverage\build-output\testhost.exe' with command line ' --runtimeconfig "C:\.Jakob\FHTW\3_Semester\Sofware_Engineering\monster-trading-card-game\MTCG_Tests\bin\Debug\net5.0\fine-code-coverage\build-output\MTCG_Tests.runtimeconfig.json" --depsfile "C:\.Jakob\FHTW\3_Semester\Sofware_Engineering\monster-trading-card-game\MTCG_Tests\bin\Debug\net5.0\fine-code-coverage\build-output\MTCG_Tests.deps.json" --port 58308 --endpoint 127.0.0.1:058308 --role client --parentprocessid 13640 --diag "C:\.Jakob\FHTW\3_Semester\Sofware_Engineering\monster-trading-card-game\MTCG_Tests\bin\Debug\net5.0\fine-code-coverage\coverage-tool-output\diagnostics.host.21-10-12_10-34-27_52254_4.log" --tracelevel 4 --datacollectionport 58307 --telemetryoptedin false'
TpTrace Verbose: 0 : 13640, 6, 2021/10/12, 10:34:27.542, 10927706512089, vstest.console.dll, Test Runtime launched
TpTrace Verbose: 0 : 13640, 4, 2021/10/12, 10:34:27.543, 10927706524159, vstest.console.dll, TestRequestSender.WaitForRequestHandlerConnection: waiting for connection with timeout: 90000
TpTrace Verbose: 0 : 13640, 6, 2021/10/12, 10:34:27.932, 10927710417421, vstest.console.dll, SocketServer.OnClientConnected: Client connected for endPoint: 127.0.0.1:58308, starting MessageLoopAsync:
TpTrace Verbose: 0 : 13640, 14, 2021/10/12, 10:34:27.932, 10927710421901, vstest.console.dll, TcpClientExtensions.MessageLoopAsync: Polling on remoteEndPoint: 127.0.0.1:58310 localEndPoint: 127.0.0.1:58308
TpTrace Verbose: 0 : 13640, 14, 2021/10/12, 10:34:28.123, 10927712322503, vstest.console.dll, TcpClientExtensions.MessageLoopAsync: NotifyDataAvailable remoteEndPoint: 127.0.0.1:58310 localEndPoint: 127.0.0.1:58308
TpTrace Verbose: 0 : 13640, 14, 2021/10/12, 10:34:28.123, 10927712325633, vstest.console.dll, TestRequestSender.CheckVersionWithTestHost: onMessageReceived received message: (ProtocolVersion) -> 5
TpTrace Verbose: 0 : 13640, 14, 2021/10/12, 10:34:28.123, 10927712329393, vstest.console.dll, TcpClientExtensions.MessageLoopAsync: Polling on remoteEndPoint: 127.0.0.1:58310 localEndPoint: 127.0.0.1:58308
TpTrace Verbose: 0 : 13640, 4, 2021/10/12, 10:34:28.123, 10927712331327, vstest.console.dll, TestPluginCache.GetExtensionPaths: Filtered extension paths: 
TpTrace Verbose: 0 : 13640, 4, 2021/10/12, 10:34:28.124, 10927712332197, vstest.console.dll, TestPluginCache.GetExtensionPaths: Added default extension paths: C:\Program Files\dotnet\sdk\5.0.401\Extensions\Microsoft.Diagnostics.NETCore.Client.dll
C:\Program Files\dotnet\sdk\5.0.401\Extensions\Microsoft.TestPlatform.Extensions.BlameDataCollector.dll
C:\Program Files\dotnet\sdk\5.0.401\Extensions\Microsoft.TestPlatform.Extensions.EventLogCollector.dll
C:\Program Files\dotnet\sdk\5.0.401\Extensions\Microsoft.TestPlatform.TestHostRuntimeProvider.dll
C:\Program Files\dotnet\sdk\5.0.401\Extensions\Microsoft.VisualStudio.TestPlatform.Extensions.Html.TestLogger.dll
C:\Program Files\dotnet\sdk\5.0.401\Extensions\Microsoft.VisualStudio.TestPlatform.Extensions.Trx.TestLogger.dll
TpTrace Verbose: 0 : 13640, 4, 2021/10/12, 10:34:28.124, 10927712332680, vstest.console.dll, TestPluginCache.GetExtensionPaths: Added unfilterableExtensionPaths: 
TpTrace Verbose: 0 : 13640, 4, 2021/10/12, 10:34:28.128, 10927712372216, vstest.console.dll, TestRequestSender.InitializeExecution: Sending initializing execution with message: {"Version":5,"MessageType":"TestExecution.Initialize","Payload":["C:\\.Jakob\\FHTW\\3_Semester\\Sofware_Engineering\\monster-trading-card-game\\MTCG_Tests\\bin\\Debug\\net5.0\\fine-code-coverage\\build-output\\NUnit3.TestAdapter.dll"]}
TpTrace Verbose: 0 : 13640, 14, 2021/10/12, 10:34:28.137, 10927712464695, vstest.console.dll, TcpClientExtensions.MessageLoopAsync: NotifyDataAvailable remoteEndPoint: 127.0.0.1:58310 localEndPoint: 127.0.0.1:58308
TpTrace Verbose: 0 : 13640, 14, 2021/10/12, 10:34:28.137, 10927712467641, vstest.console.dll, TestRequestSender.OnExecutionMessageReceived: Received message: {"Version":5,"MessageType":"TestSession.Message","Payload":{"MessageLevel":0,"Message":"Logging TestHost Diagnostics in file: C:\\.Jakob\\FHTW\\3_Semester\\Sofware_Engineering\\monster-trading-card-game\\MTCG_Tests\\bin\\Debug\\net5.0\\fine-code-coverage\\coverage-tool-output\\diagnostics.host.21-10-12_10-34-27_52254_4.log"}}
TpTrace Verbose: 0 : 13640, 4, 2021/10/12, 10:34:28.139, 10927712482214, vstest.console.dll, TestRequestSender.StartTestRun: Sending test run with message: {"Version":5,"MessageType":"TestExecution.StartWithSources","Payload":{"AdapterSourceMap":{"_none_":["C:\\.Jakob\\FHTW\\3_Semester\\Sofware_Engineering\\monster-trading-card-game\\MTCG_Tests\\bin\\Debug\\net5.0\\fine-code-coverage\\build-output\\MTCG_Tests.dll"]},"RunSettings":"<RunSettings>\r\n  <RunConfiguration>\r\n    <ResultsDirectory>C:\\.Jakob\\FHTW\\3_Semester\\Sofware_Engineering\\monster-trading-card-game\\MTCG_Tests\\bin\\Debug\\net5.0\\fine-code-coverage\\coverage-tool-output</ResultsDirectory>\r\n    <TargetPlatform>X64</TargetPlatform>\r\n    <TargetFrameworkVersion>.NETCoreApp,Version=v5.0</TargetFrameworkVersion>\r\n    <DesignMode>False</DesignMode>\r\n    <CollectSourceInformation>False</CollectSourceInformation>\r\n  </RunConfiguration>\r\n  <LoggerRunSettings>\r\n    <Loggers>\r\n      <Logger friendlyName=\"blame\" enabled=\"True\" />\r\n      <Logger friendlyName=\"Console\" uri=\"logger://microsoft/TestPlatform/ConsoleLogger/v1\" assemblyQualifiedName=\"Microsoft.VisualStudio.TestPlatform.CommandLine.Internal.ConsoleLogger, vstest.console, Version=15.0.0.0, Culture=neutral, PublicKeyToken=b03f5f7f11d50a3a\" codeBase=\"C:\\Program Files\\dotnet\\sdk\\5.0.401\\vstest.console.dll\" enabled=\"True\" />\r\n    </Loggers>\r\n  </LoggerRunSettings>\r\n  <DataCollectionRunSettings>\r\n    <DataCollectors>\r\n      <DataCollector friendlyName=\"blame\" enabled=\"True\">\r\n        <Configuration>\r\n          <ResultsDirectory>C:\\.Jakob\\FHTW\\3_Semester\\Sofware_Engineering\\monster-trading-card-game\\MTCG_Tests\\bin\\Debug\\net5.0\\fine-code-coverage\\coverage-tool-output</ResultsDirectory>\r\n        </Configuration>\r\n      </DataCollector>\r\n    </DataCollectors>\r\n  </DataCollectionRunSettings>\r\n</RunSettings>","TestExecutionContext":{"FrequencyOfRunStatsChangeEvent":10,"RunStatsChangeEventTimeout":"00:00:01.5000000","InIsolation":false,"KeepAlive":false,"AreTestCaseLevelEventsRequired":false,"IsDebug":false,"TestCaseFilter":null,"FilterOptions":null},"Package":null}}
TpTrace Verbose: 0 : 13640, 14, 2021/10/12, 10:34:28.140, 10927712497257, vstest.console.dll, TestRunRequest:SendTestRunMessage: Starting.
TpTrace Information: 0 : 13640, 14, 2021/10/12, 10:34:28.140, 10927712499270, vstest.console.dll, TestRunRequest:SendTestRunMessage: Completed.
TpTrace Verbose: 0 : 13640, 14, 2021/10/12, 10:34:28.140, 10927712500266, vstest.console.dll, TcpClientExtensions.MessageLoopAsync: Polling on remoteEndPoint: 127.0.0.1:58310 localEndPoint: 127.0.0.1:58308
TpTrace Verbose: 0 : 13640, 14, 2021/10/12, 10:34:28.305, 10927714151437, vstest.console.dll, TcpClientExtensions.MessageLoopAsync: NotifyDataAvailable remoteEndPoint: 127.0.0.1:58310 localEndPoint: 127.0.0.1:58308
TpTrace Verbose: 0 : 13640, 14, 2021/10/12, 10:34:28.306, 10927714153249, vstest.console.dll, TestRequestSender.OnExecutionMessageReceived: Received message: {"Version":5,"MessageType":"TestSession.Message","Payload":{"MessageLevel":0,"Message":"NUnit Adapter 3.17.0.0: Test execution started"}}
TpTrace Verbose: 0 : 13640, 14, 2021/10/12, 10:34:28.306, 10927714156346, vstest.console.dll, TestRunRequest:SendTestRunMessage: Starting.
TpTrace Information: 0 : 13640, 14, 2021/10/12, 10:34:28.306, 10927714157202, vstest.console.dll, TestRunRequest:SendTestRunMessage: Completed.
TpTrace Verbose: 0 : 13640, 14, 2021/10/12, 10:34:28.306, 10927714157578, vstest.console.dll, TcpClientExtensions.MessageLoopAsync: Polling on remoteEndPoint: 127.0.0.1:58310 localEndPoint: 127.0.0.1:58308
TpTrace Verbose: 0 : 13640, 14, 2021/10/12, 10:34:28.343, 10927714527904, vstest.console.dll, TcpClientExtensions.MessageLoopAsync: NotifyDataAvailable remoteEndPoint: 127.0.0.1:58310 localEndPoint: 127.0.0.1:58308
TpTrace Verbose: 0 : 13640, 14, 2021/10/12, 10:34:28.343, 10927714529445, vstest.console.dll, TestRequestSender.OnExecutionMessageReceived: Received message: {"Version":5,"MessageType":"TestSession.Message","Payload":{"MessageLevel":0,"Message":"Running all tests in C:\\.Jakob\\FHTW\\3_Semester\\Sofware_Engineering\\monster-trading-card-game\\MTCG_Tests\\bin\\Debug\\net5.0\\fine-code-coverage\\build-output\\MTCG_Tests.dll"}}
TpTrace Verbose: 0 : 13640, 14, 2021/10/12, 10:34:28.350, 10927714596839, vstest.console.dll, TestRunRequest:SendTestRunMessage: Starting.
TpTrace Information: 0 : 13640, 14, 2021/10/12, 10:34:28.350, 10927714599177, vstest.console.dll, TestRunRequest:SendTestRunMessage: Completed.
TpTrace Verbose: 0 : 13640, 14, 2021/10/12, 10:34:28.350, 10927714599920, vstest.console.dll, TcpClientExtensions.MessageLoopAsync: Polling on remoteEndPoint: 127.0.0.1:58310 localEndPoint: 127.0.0.1:58308
TpTrace Verbose: 0 : 13640, 14, 2021/10/12, 10:34:28.577, 10927716863164, vstest.console.dll, TcpClientExtensions.MessageLoopAsync: NotifyDataAvailable remoteEndPoint: 127.0.0.1:58310 localEndPoint: 127.0.0.1:58308
TpTrace Verbose: 0 : 13640, 14, 2021/10/12, 10:34:28.577, 10927716864959, vstest.console.dll, TestRequestSender.OnExecutionMessageReceived: Received message: {"Version":5,"MessageType":"TestSession.Message","Payload":{"MessageLevel":0,"Message":"   NUnit3TestExecutor discovered 1 of 1 NUnit test cases"}}
TpTrace Verbose: 0 : 13640, 14, 2021/10/12, 10:34:28.577, 10927716867567, vstest.console.dll, TestRunRequest:SendTestRunMessage: Starting.
TpTrace Information: 0 : 13640, 14, 2021/10/12, 10:34:28.577, 10927716868582, vstest.console.dll, TestRunRequest:SendTestRunMessage: Completed.
TpTrace Verbose: 0 : 13640, 14, 2021/10/12, 10:34:28.577, 10927716869291, vstest.console.dll, TcpClientExtensions.MessageLoopAsync: Polling on remoteEndPoint: 127.0.0.1:58310 localEndPoint: 127.0.0.1:58308
TpTrace Verbose: 0 : 13640, 14, 2021/10/12, 10:34:28.739, 10927718482288, vstest.console.dll, TcpClientExtensions.MessageLoopAsync: NotifyDataAvailable remoteEndPoint: 127.0.0.1:58310 localEndPoint: 127.0.0.1:58308
TpTrace Verbose: 0 : 13640, 14, 2021/10/12, 10:34:28.739, 10927718484350, vstest.console.dll, TestRequestSender.OnExecutionMessageReceived: Received message: {"Version":5,"MessageType":"TestSession.Message","Payload":{"MessageLevel":0,"Message":"NUnit Adapter 3.17.0.0: Test execution complete"}}
TpTrace Verbose: 0 : 13640, 14, 2021/10/12, 10:34:28.739, 10927718487997, vstest.console.dll, TestRunRequest:SendTestRunMessage: Starting.
TpTrace Information: 0 : 13640, 14, 2021/10/12, 10:34:28.739, 10927718489426, vstest.console.dll, TestRunRequest:SendTestRunMessage: Completed.
TpTrace Verbose: 0 : 13640, 14, 2021/10/12, 10:34:28.739, 10927718490004, vstest.console.dll, TcpClientExtensions.MessageLoopAsync: Polling on remoteEndPoint: 127.0.0.1:58310 localEndPoint: 127.0.0.1:58308
TpTrace Verbose: 0 : 13640, 14, 2021/10/12, 10:34:28.822, 10927719313243, vstest.console.dll, TcpClientExtensions.MessageLoopAsync: NotifyDataAvailable remoteEndPoint: 127.0.0.1:58310 localEndPoint: 127.0.0.1:58308
TpTrace Verbose: 0 : 13640, 14, 2021/10/12, 10:34:28.822, 10927719315166, vstest.console.dll, TestRequestSender.OnExecutionMessageReceived: Received message: {"Version":5,"MessageType":"TestExecution.Completed","Payload":{"TestRunCompleteArgs":{"TestRunStatistics":{"ExecutedTests":1,"Stats":{"Passed":1}},"IsCanceled":false,"IsAborted":false,"Error":null,"AttachmentSets":[],"ElapsedTimeInRunningTests":"00:00:00.4591045","Metrics":{}},"LastRunTests":{"NewTestResults":[{"TestCase":{"Id":"00fc36e6-00f1-59af-dffd-b223443014bd","FullyQualifiedName":"MTCG_Tests.Tests.Test1","DisplayName":"Test1","ExecutorUri":"executor://NUnit3TestExecutor","Source":"C:\\.Jakob\\FHTW\\3_Semester\\Sofware_Engineering\\monster-trading-card-game\\MTCG_Tests\\bin\\Debug\\net5.0\\fine-code-coverage\\build-output\\MTCG_Tests.dll","CodeFilePath":null,"LineNumber":0,"Properties":[]},"Attachments":[],"Outcome":1,"ErrorMessage":null,"ErrorStackTrace":null,"DisplayName":"Test1","Messages":[],"ComputerName":"XPS-13","Duration":"00:00:00.0365020","StartTime":"2021-10-12T08:34:28.6172158+00:00","EndTime":"2021-10-12T08:34:28.6535167+00:00","Properties":[]}],"TestRunStatistics":{"ExecutedTests":1,"Stats":{"Passed":1}},"ActiveTests":[]},"RunAttachments":[],"ExecutorUris":["executor://nunit3testexecutor/"]}}
TpTrace Verbose: 0 : 13640, 14, 2021/10/12, 10:34:28.822, 10927719320709, vstest.console.dll, TestRequestSender.EndSession: Sending end session.
TpTrace Verbose: 0 : 13640, 14, 2021/10/12, 10:34:28.823, 10927719322579, vstest.console.dll, ProxyOperationManager.Close: waiting for test host to exit for 100 ms
TpTrace Warning: 0 : 13640, 12, 2021/10/12, 10:34:28.855, 10927719642273, vstest.console.dll, TestHostManagerCallbacks.ErrorReceivedCallback Test host standard error line: 
TpTrace Verbose: 0 : 13640, 7, 2021/10/12, 10:34:28.866, 10927719752724, vstest.console.dll, TestHostProvider.ExitCallBack: Host exited starting callback.
TpTrace Information: 0 : 13640, 7, 2021/10/12, 10:34:28.867, 10927719764677, vstest.console.dll, TestHostManagerCallbacks.ExitCallBack: Testhost processId: 17512 exited with exitcode: 0 error: ''
TpTrace Verbose: 0 : 13640, 7, 2021/10/12, 10:34:28.867, 10927719766369, vstest.console.dll, DotnetTestHostManager.OnHostExited: invoking OnHostExited callback
TpTrace Verbose: 0 : 13640, 7, 2021/10/12, 10:34:28.867, 10927719768013, vstest.console.dll, CrossPlatEngine.TestHostManagerHostExited: calling on client process exit callback.
TpTrace Information: 0 : 13640, 7, 2021/10/12, 10:34:28.867, 10927719769649, vstest.console.dll, TestRequestSender.OnClientProcessExit: Test host process exited. Standard error: 
TpTrace Warning: 0 : 13640, 14, 2021/10/12, 10:34:28.867, 10927719770324, vstest.console.dll, ProxyOperationManager: Timed out waiting for test host to exit. Will terminate process.
TpTrace Information: 0 : 13640, 7, 2021/10/12, 10:34:28.867, 10927719771149, vstest.console.dll, SocketServer.Stop: Stop server endPoint: 127.0.0.1:58308
TpTrace Information: 0 : 13640, 7, 2021/10/12, 10:34:28.868, 10927719773489, vstest.console.dll, SocketServer.Stop: Cancellation requested. Stopping message loop.
TpTrace Verbose: 0 : 13640, 14, 2021/10/12, 10:34:28.869, 10927719786464, vstest.console.dll, ProxyDataCollectionManager.InvokeDataCollectionServiceAction: Starting.
TpTrace Information: 0 : 13640, 14, 2021/10/12, 10:34:28.869, 10927719788015, vstest.console.dll, ProxyDataCollectionManager.AfterTestRunEnd: Get attachment set for datacollector processId: 14260 port: 58305
TpTrace Verbose: 0 : 13640, 14, 2021/10/12, 10:34:28.869, 10927719789160, vstest.console.dll, DataCollectionRequestSender.SendAfterTestRunStartAndGetResult : Send AfterTestRunEnd message with isCancelled: False
TpTrace Verbose: 0 : 13640, 14, 2021/10/12, 10:34:28.877, 10927719863941, vstest.console.dll, DataCollectionRequestSender.SendAfterTestRunStartAndGetResult : Received message: (DataCollection.AfterTestRunEndResult) -> {
  "AttachmentSets": [],
  "Metrics": {}
}
TpTrace Information: 0 : 13640, 14, 2021/10/12, 10:34:28.883, 10927719931755, vstest.console.dll, ProxyDataCollectionManager.InvokeDataCollectionServiceAction: Completed.
TpTrace Warning: 0 : 13640, 9, 2021/10/12, 10:34:28.886, 10927719953331, vstest.console.dll, DataCollectionLauncher.ErrorReceivedCallback datacollector standard error line: 
TpTrace Information: 0 : 13640, 7, 2021/10/12, 10:34:28.894, 10927720038377, vstest.console.dll, DataCollectionLauncher.ExitCallBack: Data collector exited with exitcode: 0 error: ''
TpTrace Verbose: 0 : 13640, 14, 2021/10/12, 10:34:28.955, 10927720647278, vstest.console.dll, TestRunRequest:SendTestRunStatsChange: Starting.
TpTrace Information: 0 : 13640, 14, 2021/10/12, 10:34:28.955, 10927720650991, vstest.console.dll, TestRunRequest:SendTestRunStatsChange: Completed.
TpTrace Verbose: 0 : 13640, 14, 2021/10/12, 10:34:28.956, 10927720654371, vstest.console.dll, ParallelProxyExecutionManager: HandlePartialRunComplete: Total completed clients = 1, Run complete = True, Run canceled: False.
TpTrace Verbose: 0 : 13640, 14, 2021/10/12, 10:34:28.997, 10927721067625, vstest.console.dll, TestRunRequest:TestRunComplete: Starting. IsAborted:False IsCanceled:False.
TpTrace Verbose: 0 : 13640, 14, 2021/10/12, 10:34:28.997, 10927721071106, vstest.console.dll, TestLoggerManager.HandleTestRunComplete: Ignoring as the object is disposed.
TpTrace Information: 0 : 13640, 14, 2021/10/12, 10:34:28.998, 10927721076294, vstest.console.dll, TestRunRequest:TestRunComplete: Completed.
TpTrace Verbose: 0 : 13640, 1, 2021/10/12, 10:34:28.998, 10927721076676, vstest.console.dll, TestRunRequest.Dispose: Starting.
TpTrace Verbose: 0 : 13640, 14, 2021/10/12, 10:34:28.998, 10927721078566, vstest.console.dll, TestRequestSender.SetOperationComplete: Setting operation complete.
TpTrace Information: 0 : 13640, 1, 2021/10/12, 10:34:28.998, 10927721078750, vstest.console.dll, TestRunRequest.Dispose: Completed.
TpTrace Information: 0 : 13640, 14, 2021/10/12, 10:34:28.998, 10927721079825, vstest.console.dll, SocketServer.Stop: Stop server endPoint: 127.0.0.1:58308
TpTrace Information: 0 : 13640, 1, 2021/10/12, 10:34:28.998, 10927721081081, vstest.console.dll, TestRequestManager.RunTests: run tests completed.
TpTrace Information: 0 : 13640, 14, 2021/10/12, 10:34:28.998, 10927721081689, vstest.console.dll, SocketServer.Stop: Cancellation requested. Stopping message loop.
TpTrace Information: 0 : 13640, 14, 2021/10/12, 10:34:28.999, 10927721083617, vstest.console.dll, SocketServer.PrivateStop: Stop server endPoint: 127.0.0.1:58308 error: 
TpTrace Information: 0 : 13640, 1, 2021/10/12, 10:34:28.999, 10927721084308, vstest.console.dll, RunTestsArgumentProcessor:Execute: Test run is completed.
TpTrace Verbose: 0 : 13640, 1, 2021/10/12, 10:34:28.999, 10927721087736, vstest.console.dll, Executor.Execute: Exiting with exit code of 0
TpTrace Verbose: 0 : 13640, 14, 2021/10/12, 10:34:29.000, 10927721095683, vstest.console.dll, LengthPrefixCommunicationChannel.Dispose: Dispose reader and writer.
TpTrace Information: 0 : 13640, 14, 2021/10/12, 10:34:29.000, 10927721098097, vstest.console.dll, SocketServer.Stop: Raise disconnected event endPoint: 127.0.0.1:58308 error: 
TpTrace Verbose: 0 : 13640, 14, 2021/10/12, 10:34:29.000, 10927721099287, vstest.console.dll, TestRequestSender: OnTestRunAbort: Operation is already complete. Skip error message.
